[2m23:27:19[22m [31m[1m[vite][22m[39m [31m[2m(client)[22m[39m Pre-transform error: [postcss] E:/拯的个人网站/zen/src/styles.css:2293:1: Unclosed block
  Plugin: [35mvite:css[39m
  File: [36mE:/拯的个人网站/zen/src/styles.css[39m:2293:0
[33m  2291|  }
  2292|  
  2293|  @media (max-width: 980px) {
     |  ^
  2294|    html {
  2295|      scroll-snap-type: none;[39m
[2m23:27:19[22m [31m[1m[vite][22m[39m [31mInternal server error: [postcss] E:/拯的个人网站/zen/src/styles.css:2293:1: Unclosed block[39m
  Plugin: [35mvite:css[39m
  File: [36mE:/拯的个人网站/zen/src/styles.css[39m:2293:0
[33m  2291|  }
  2292|  
  2293|  @media (max-width: 980px) {
     |  ^
  2294|    html {
  2295|      scroll-snap-type: none;[39m
      at Input.error (E:\拯的个人网站\zen\node_modules\postcss\lib\input.js:135:16)
      at Parser.unclosedBlock (E:\拯的个人网站\zen\node_modules\postcss\lib\parser.js:582:22)
      at Parser.endFile (E:\拯的个人网站\zen\node_modules\postcss\lib\parser.js:342:35)
      at Parser.parse (E:\拯的个人网站\zen\node_modules\postcss\lib\parser.js:483:10)
      at parse (E:\拯的个人网站\zen\node_modules\postcss\lib\parse.js:11:12)
      at new LazyResult (E:\拯的个人网站\zen\node_modules\postcss\lib\lazy-result.js:165:16)
      at Processor.process (E:\拯的个人网站\zen\node_modules\postcss\lib\processor.js:53:14)
      at runPostCSS (file:///E:/%E6%8B%AF%E7%9A%84%E4%B8%AA%E4%BA%BA%E7%BD%91%E7%AB%99/zen/node_modules/vite/dist/node/chunks/dep-Dq2t6Dq0.js:43878:52)
      at async compilePostCSS (file:///E:/%E6%8B%AF%E7%9A%84%E4%B8%AA%E4%BA%BA%E7%BD%91%E7%AB%99/zen/node_modules/vite/dist/node/chunks/dep-Dq2t6Dq0.js:43848:18)
      at async compileCSS (file:///E:/%E6%8B%AF%E7%9A%84%E4%B8%AA%E4%BA%BA%E7%BD%91%E7%AB%99/zen/node_modules/vite/dist/node/chunks/dep-Dq2t6Dq0.js:43703:27)
      at async TransformPluginContext.handler (file:///E:/%E6%8B%AF%E7%9A%84%E4%B8%AA%E4%BA%BA%E7%BD%91%E7%AB%99/zen/node_modules/vite/dist/node/chunks/dep-Dq2t6Dq0.js:43019:11)
      at async EnvironmentPluginContainer.transform (file:///E:/%E6%8B%AF%E7%9A%84%E4%B8%AA%E4%BA%BA%E7%BD%91%E7%AB%99/zen/node_modules/vite/dist/node/chunks/dep-Dq2t6Dq0.js:42348:18)
      at async loadAndTransform (file:///E:/%E6%8B%AF%E7%9A%84%E4%B8%AA%E4%BA%BA%E7%BD%91%E7%AB%99/zen/node_modules/vite/dist/node/chunks/dep-Dq2t6Dq0.js:35740:27)
      at async viteTransformMiddleware (file:///E:/%E6%8B%AF%E7%9A%84%E4%B8%AA%E4%BA%BA%E7%BD%91%E7%AB%99/zen/node_modules/vite/dist/node/chunks/dep-Dq2t6Dq0.js:37264:24)
[2m23:27:31[22m [31m[1m[vite][22m[39m [31mInternal server error: [postcss] E:/拯的个人网站/zen/src/styles.css:2293:1: Unclosed block[39m
  Plugin: [35mvite:css[39m
  File: [36mE:/拯的个人网站/zen/src/styles.css[39m:2293:0
[33m  2291|  }
  2292|  
  2293|  @media (max-width: 980px) {
     |  ^
  2294|    html {
  2295|      scroll-snap-type: none;[39m
      at Input.error (E:\拯的个人网站\zen\node_modules\postcss\lib\input.js:135:16)
      at Parser.unclosedBlock (E:\拯的个人网站\zen\node_modules\postcss\lib\parser.js:582:22)
      at Parser.endFile (E:\拯的个人网站\zen\node_modules\postcss\lib\parser.js:342:35)
      at Parser.parse (E:\拯的个人网站\zen\node_modules\postcss\lib\parser.js:483:10)
      at parse (E:\拯的个人网站\zen\node_modules\postcss\lib\parse.js:11:12)
      at new LazyResult (E:\拯的个人网站\zen\node_modules\postcss\lib\lazy-result.js:165:16)
      at Processor.process (E:\拯的个人网站\zen\node_modules\postcss\lib\processor.js:53:14)
      at runPostCSS (file:///E:/%E6%8B%AF%E7%9A%84%E4%B8%AA%E4%BA%BA%E7%BD%91%E7%AB%99/zen/node_modules/vite/dist/node/chunks/dep-Dq2t6Dq0.js:43878:52)
      at async compilePostCSS (file:///E:/%E6%8B%AF%E7%9A%84%E4%B8%AA%E4%BA%BA%E7%BD%91%E7%AB%99/zen/node_modules/vite/dist/node/chunks/dep-Dq2t6Dq0.js:43848:18)
      at async compileCSS (file:///E:/%E6%8B%AF%E7%9A%84%E4%B8%AA%E4%BA%BA%E7%BD%91%E7%AB%99/zen/node_modules/vite/dist/node/chunks/dep-Dq2t6Dq0.js:43703:27)
      at async TransformPluginContext.handler (file:///E:/%E6%8B%AF%E7%9A%84%E4%B8%AA%E4%BA%BA%E7%BD%91%E7%AB%99/zen/node_modules/vite/dist/node/chunks/dep-Dq2t6Dq0.js:43019:11)
      at async EnvironmentPluginContainer.transform (file:///E:/%E6%8B%AF%E7%9A%84%E4%B8%AA%E4%BA%BA%E7%BD%91%E7%AB%99/zen/node_modules/vite/dist/node/chunks/dep-Dq2t6Dq0.js:42348:18)
      at async loadAndTransform (file:///E:/%E6%8B%AF%E7%9A%84%E4%B8%AA%E4%BA%BA%E7%BD%91%E7%AB%99/zen/node_modules/vite/dist/node/chunks/dep-Dq2t6Dq0.js:35740:27)
      at async viteTransformMiddleware (file:///E:/%E6%8B%AF%E7%9A%84%E4%B8%AA%E4%BA%BA%E7%BD%91%E7%AB%99/zen/node_modules/vite/dist/node/chunks/dep-Dq2t6Dq0.js:37264:24)
[2m23:27:38[22m [31m[1m[vite][22m[39m [31mInternal server error: [postcss] E:/拯的个人网站/zen/src/styles.css:2293:1: Unclosed block[39m
  Plugin: [35mvite:css[39m
  File: [36mE:/拯的个人网站/zen/src/styles.css[39m:2293:0
[33m  2291|  }
  2292|  
  2293|  @media (max-width: 980px) {
     |  ^
  2294|    html {
  2295|      scroll-snap-type: none;[39m
      at Input.error (E:\拯的个人网站\zen\node_modules\postcss\lib\input.js:135:16)
      at Parser.unclosedBlock (E:\拯的个人网站\zen\node_modules\postcss\lib\parser.js:582:22)
      at Parser.endFile (E:\拯的个人网站\zen\node_modules\postcss\lib\parser.js:342:35)
      at Parser.parse (E:\拯的个人网站\zen\node_modules\postcss\lib\parser.js:483:10)
      at parse (E:\拯的个人网站\zen\node_modules\postcss\lib\parse.js:11:12)
      at new LazyResult (E:\拯的个人网站\zen\node_modules\postcss\lib\lazy-result.js:165:16)
      at Processor.process (E:\拯的个人网站\zen\node_modules\postcss\lib\processor.js:53:14)
      at runPostCSS (file:///E:/%E6%8B%AF%E7%9A%84%E4%B8%AA%E4%BA%BA%E7%BD%91%E7%AB%99/zen/node_modules/vite/dist/node/chunks/dep-Dq2t6Dq0.js:43878:52)
      at async compilePostCSS (file:///E:/%E6%8B%AF%E7%9A%84%E4%B8%AA%E4%BA%BA%E7%BD%91%E7%AB%99/zen/node_modules/vite/dist/node/chunks/dep-Dq2t6Dq0.js:43848:18)
      at async compileCSS (file:///E:/%E6%8B%AF%E7%9A%84%E4%B8%AA%E4%BA%BA%E7%BD%91%E7%AB%99/zen/node_modules/vite/dist/node/chunks/dep-Dq2t6Dq0.js:43703:27)
      at async TransformPluginContext.handler (file:///E:/%E6%8B%AF%E7%9A%84%E4%B8%AA%E4%BA%BA%E7%BD%91%E7%AB%99/zen/node_modules/vite/dist/node/chunks/dep-Dq2t6Dq0.js:43019:11)
      at async EnvironmentPluginContainer.transform (file:///E:/%E6%8B%AF%E7%9A%84%E4%B8%AA%E4%BA%BA%E7%BD%91%E7%AB%99/zen/node_modules/vite/dist/node/chunks/dep-Dq2t6Dq0.js:42348:18)
      at async loadAndTransform (file:///E:/%E6%8B%AF%E7%9A%84%E4%B8%AA%E4%BA%BA%E7%BD%91%E7%AB%99/zen/node_modules/vite/dist/node/chunks/dep-Dq2t6Dq0.js:35740:27)
      at async viteTransformMiddleware (file:///E:/%E6%8B%AF%E7%9A%84%E4%B8%AA%E4%BA%BA%E7%BD%91%E7%AB%99/zen/node_modules/vite/dist/node/chunks/dep-Dq2t6Dq0.js:37264:24)
[2m23:28:48[22m [31m[1m[vite][22m[39m [31mInternal server error: [postcss] E:/拯的个人网站/zen/src/styles.css:2293:1: Unclosed block[39m
  Plugin: [35mvite:css[39m
  File: [36mE:/拯的个人网站/zen/src/styles.css[39m:2293:0
[33m  2291|  }
  2292|  
  2293|  @media (max-width: 980px) {
     |  ^
  2294|    html {
  2295|      scroll-snap-type: none;[39m
      at Input.error (E:\拯的个人网站\zen\node_modules\postcss\lib\input.js:135:16)
      at Parser.unclosedBlock (E:\拯的个人网站\zen\node_modules\postcss\lib\parser.js:582:22)
      at Parser.endFile (E:\拯的个人网站\zen\node_modules\postcss\lib\parser.js:342:35)
      at Parser.parse (E:\拯的个人网站\zen\node_modules\postcss\lib\parser.js:483:10)
      at parse (E:\拯的个人网站\zen\node_modules\postcss\lib\parse.js:11:12)
      at new LazyResult (E:\拯的个人网站\zen\node_modules\postcss\lib\lazy-result.js:165:16)
      at Processor.process (E:\拯的个人网站\zen\node_modules\postcss\lib\processor.js:53:14)
      at runPostCSS (file:///E:/%E6%8B%AF%E7%9A%84%E4%B8%AA%E4%BA%BA%E7%BD%91%E7%AB%99/zen/node_modules/vite/dist/node/chunks/dep-Dq2t6Dq0.js:43878:52)
      at async compilePostCSS (file:///E:/%E6%8B%AF%E7%9A%84%E4%B8%AA%E4%BA%BA%E7%BD%91%E7%AB%99/zen/node_modules/vite/dist/node/chunks/dep-Dq2t6Dq0.js:43848:18)
      at async compileCSS (file:///E:/%E6%8B%AF%E7%9A%84%E4%B8%AA%E4%BA%BA%E7%BD%91%E7%AB%99/zen/node_modules/vite/dist/node/chunks/dep-Dq2t6Dq0.js:43703:27)
      at async TransformPluginContext.handler (file:///E:/%E6%8B%AF%E7%9A%84%E4%B8%AA%E4%BA%BA%E7%BD%91%E7%AB%99/zen/node_modules/vite/dist/node/chunks/dep-Dq2t6Dq0.js:43019:11)
      at async EnvironmentPluginContainer.transform (file:///E:/%E6%8B%AF%E7%9A%84%E4%B8%AA%E4%BA%BA%E7%BD%91%E7%AB%99/zen/node_modules/vite/dist/node/chunks/dep-Dq2t6Dq0.js:42348:18)
      at async loadAndTransform (file:///E:/%E6%8B%AF%E7%9A%84%E4%B8%AA%E4%BA%BA%E7%BD%91%E7%AB%99/zen/node_modules/vite/dist/node/chunks/dep-Dq2t6Dq0.js:35740:27)
      at async viteTransformMiddleware (file:///E:/%E6%8B%AF%E7%9A%84%E4%B8%AA%E4%BA%BA%E7%BD%91%E7%AB%99/zen/node_modules/vite/dist/node/chunks/dep-Dq2t6Dq0.js:37264:24)
[2m23:28:57[22m [31m[1m[vite][22m[39m [31mInternal server error: [postcss] E:/拯的个人网站/zen/src/styles.css:2293:1: Unclosed block[39m
  Plugin: [35mvite:css[39m
  File: [36mE:/拯的个人网站/zen/src/styles.css[39m:2293:0
[33m  2291|  }
  2292|  
  2293|  @media (max-width: 980px) {
     |  ^
  2294|    html {
  2295|      scroll-snap-type: none;[39m
      at Input.error (E:\拯的个人网站\zen\node_modules\postcss\lib\input.js:135:16)
      at Parser.unclosedBlock (E:\拯的个人网站\zen\node_modules\postcss\lib\parser.js:582:22)
      at Parser.endFile (E:\拯的个人网站\zen\node_modules\postcss\lib\parser.js:342:35)
      at Parser.parse (E:\拯的个人网站\zen\node_modules\postcss\lib\parser.js:483:10)
      at parse (E:\拯的个人网站\zen\node_modules\postcss\lib\parse.js:11:12)
      at new LazyResult (E:\拯的个人网站\zen\node_modules\postcss\lib\lazy-result.js:165:16)
      at Processor.process (E:\拯的个人网站\zen\node_modules\postcss\lib\processor.js:53:14)
      at runPostCSS (file:///E:/%E6%8B%AF%E7%9A%84%E4%B8%AA%E4%BA%BA%E7%BD%91%E7%AB%99/zen/node_modules/vite/dist/node/chunks/dep-Dq2t6Dq0.js:43878:52)
      at async compilePostCSS (file:///E:/%E6%8B%AF%E7%9A%84%E4%B8%AA%E4%BA%BA%E7%BD%91%E7%AB%99/zen/node_modules/vite/dist/node/chunks/dep-Dq2t6Dq0.js:43848:18)
      at async compileCSS (file:///E:/%E6%8B%AF%E7%9A%84%E4%B8%AA%E4%BA%BA%E7%BD%91%E7%AB%99/zen/node_modules/vite/dist/node/chunks/dep-Dq2t6Dq0.js:43703:27)
      at async TransformPluginContext.handler (file:///E:/%E6%8B%AF%E7%9A%84%E4%B8%AA%E4%BA%BA%E7%BD%91%E7%AB%99/zen/node_modules/vite/dist/node/chunks/dep-Dq2t6Dq0.js:43019:11)
      at async EnvironmentPluginContainer.transform (file:///E:/%E6%8B%AF%E7%9A%84%E4%B8%AA%E4%BA%BA%E7%BD%91%E7%AB%99/zen/node_modules/vite/dist/node/chunks/dep-Dq2t6Dq0.js:42348:18)
      at async loadAndTransform (file:///E:/%E6%8B%AF%E7%9A%84%E4%B8%AA%E4%BA%BA%E7%BD%91%E7%AB%99/zen/node_modules/vite/dist/node/chunks/dep-Dq2t6Dq0.js:35740:27)
      at async viteTransformMiddleware (file:///E:/%E6%8B%AF%E7%9A%84%E4%B8%AA%E4%BA%BA%E7%BD%91%E7%AB%99/zen/node_modules/vite/dist/node/chunks/dep-Dq2t6Dq0.js:37264:24)
[2m23:32:46[22m [31m[1m[vite][22m[39m [31m[2m(client)[22m[39m Pre-transform error: [postcss] E:/拯的个人网站/zen/src/styles.css:2293:1: Unclosed block
  Plugin: [35mvite:css[39m
  File: [36mE:/拯的个人网站/zen/src/styles.css[39m:2293:0
[33m  2291|  }
  2292|  
  2293|  @media (max-width: 980px) {
     |  ^
  2294|    html {
  2295|      scroll-snap-type: none;[39m
[2m23:32:46[22m [31m[1m[vite][22m[39m [31mInternal server error: [postcss] E:/拯的个人网站/zen/src/styles.css:2293:1: Unclosed block[39m
  Plugin: [35mvite:css[39m
  File: [36mE:/拯的个人网站/zen/src/styles.css[39m:2293:0
[33m  2291|  }
  2292|  
  2293|  @media (max-width: 980px) {
     |  ^
  2294|    html {
  2295|      scroll-snap-type: none;[39m
      at Input.error (E:\拯的个人网站\zen\node_modules\postcss\lib\input.js:135:16)
      at Parser.unclosedBlock (E:\拯的个人网站\zen\node_modules\postcss\lib\parser.js:582:22)
      at Parser.endFile (E:\拯的个人网站\zen\node_modules\postcss\lib\parser.js:342:35)
      at Parser.parse (E:\拯的个人网站\zen\node_modules\postcss\lib\parser.js:483:10)
      at parse (E:\拯的个人网站\zen\node_modules\postcss\lib\parse.js:11:12)
      at new LazyResult (E:\拯的个人网站\zen\node_modules\postcss\lib\lazy-result.js:165:16)
      at Processor.process (E:\拯的个人网站\zen\node_modules\postcss\lib\processor.js:53:14)
      at runPostCSS (file:///E:/%E6%8B%AF%E7%9A%84%E4%B8%AA%E4%BA%BA%E7%BD%91%E7%AB%99/zen/node_modules/vite/dist/node/chunks/dep-Dq2t6Dq0.js:43878:52)
      at async compilePostCSS (file:///E:/%E6%8B%AF%E7%9A%84%E4%B8%AA%E4%BA%BA%E7%BD%91%E7%AB%99/zen/node_modules/vite/dist/node/chunks/dep-Dq2t6Dq0.js:43848:18)
      at async compileCSS (file:///E:/%E6%8B%AF%E7%9A%84%E4%B8%AA%E4%BA%BA%E7%BD%91%E7%AB%99/zen/node_modules/vite/dist/node/chunks/dep-Dq2t6Dq0.js:43703:27)
      at async TransformPluginContext.handler (file:///E:/%E6%8B%AF%E7%9A%84%E4%B8%AA%E4%BA%BA%E7%BD%91%E7%AB%99/zen/node_modules/vite/dist/node/chunks/dep-Dq2t6Dq0.js:43019:11)
      at async EnvironmentPluginContainer.transform (file:///E:/%E6%8B%AF%E7%9A%84%E4%B8%AA%E4%BA%BA%E7%BD%91%E7%AB%99/zen/node_modules/vite/dist/node/chunks/dep-Dq2t6Dq0.js:42348:18)
      at async loadAndTransform (file:///E:/%E6%8B%AF%E7%9A%84%E4%B8%AA%E4%BA%BA%E7%BD%91%E7%AB%99/zen/node_modules/vite/dist/node/chunks/dep-Dq2t6Dq0.js:35740:27)
      at async viteTransformMiddleware (file:///E:/%E6%8B%AF%E7%9A%84%E4%B8%AA%E4%BA%BA%E7%BD%91%E7%AB%99/zen/node_modules/vite/dist/node/chunks/dep-Dq2t6Dq0.js:37264:24)
[2m23:32:47[22m [31m[1m[vite][22m[39m [31mInternal server error: [postcss] E:/拯的个人网站/zen/src/styles.css:2293:1: Unclosed block[39m
  Plugin: [35mvite:css[39m
  File: [36mE:/拯的个人网站/zen/src/styles.css[39m:2293:0
[33m  2291|  }
  2292|  
  2293|  @media (max-width: 980px) {
     |  ^
  2294|    html {
  2295|      scroll-snap-type: none;[39m
      at Input.error (E:\拯的个人网站\zen\node_modules\postcss\lib\input.js:135:16)
      at Parser.unclosedBlock (E:\拯的个人网站\zen\node_modules\postcss\lib\parser.js:582:22)
      at Parser.endFile (E:\拯的个人网站\zen\node_modules\postcss\lib\parser.js:342:35)
      at Parser.parse (E:\拯的个人网站\zen\node_modules\postcss\lib\parser.js:483:10)
      at parse (E:\拯的个人网站\zen\node_modules\postcss\lib\parse.js:11:12)
      at new LazyResult (E:\拯的个人网站\zen\node_modules\postcss\lib\lazy-result.js:165:16)
      at Processor.process (E:\拯的个人网站\zen\node_modules\postcss\lib\processor.js:53:14)
      at runPostCSS (file:///E:/%E6%8B%AF%E7%9A%84%E4%B8%AA%E4%BA%BA%E7%BD%91%E7%AB%99/zen/node_modules/vite/dist/node/chunks/dep-Dq2t6Dq0.js:43878:52)
      at async compilePostCSS (file:///E:/%E6%8B%AF%E7%9A%84%E4%B8%AA%E4%BA%BA%E7%BD%91%E7%AB%99/zen/node_modules/vite/dist/node/chunks/dep-Dq2t6Dq0.js:43848:18)
      at async compileCSS (file:///E:/%E6%8B%AF%E7%9A%84%E4%B8%AA%E4%BA%BA%E7%BD%91%E7%AB%99/zen/node_modules/vite/dist/node/chunks/dep-Dq2t6Dq0.js:43703:27)
      at async TransformPluginContext.handler (file:///E:/%E6%8B%AF%E7%9A%84%E4%B8%AA%E4%BA%BA%E7%BD%91%E7%AB%99/zen/node_modules/vite/dist/node/chunks/dep-Dq2t6Dq0.js:43019:11)
      at async EnvironmentPluginContainer.transform (file:///E:/%E6%8B%AF%E7%9A%84%E4%B8%AA%E4%BA%BA%E7%BD%91%E7%AB%99/zen/node_modules/vite/dist/node/chunks/dep-Dq2t6Dq0.js:42348:18)
      at async loadAndTransform (file:///E:/%E6%8B%AF%E7%9A%84%E4%B8%AA%E4%BA%BA%E7%BD%91%E7%AB%99/zen/node_modules/vite/dist/node/chunks/dep-Dq2t6Dq0.js:35740:27)
      at async viteTransformMiddleware (file:///E:/%E6%8B%AF%E7%9A%84%E4%B8%AA%E4%BA%BA%E7%BD%91%E7%AB%99/zen/node_modules/vite/dist/node/chunks/dep-Dq2t6Dq0.js:37264:24)
[2m23:32:47[22m [31m[1m[vite][22m[39m [31mInternal server error: [postcss] E:/拯的个人网站/zen/src/styles.css:2293:1: Unclosed block[39m
  Plugin: [35mvite:css[39m
  File: [36mE:/拯的个人网站/zen/src/styles.css[39m:2293:0
[33m  2291|  }
  2292|  
  2293|  @media (max-width: 980px) {
     |  ^
  2294|    html {
  2295|      scroll-snap-type: none;[39m
      at Input.error (E:\拯的个人网站\zen\node_modules\postcss\lib\input.js:135:16)
      at Parser.unclosedBlock (E:\拯的个人网站\zen\node_modules\postcss\lib\parser.js:582:22)
      at Parser.endFile (E:\拯的个人网站\zen\node_modules\postcss\lib\parser.js:342:35)
      at Parser.parse (E:\拯的个人网站\zen\node_modules\postcss\lib\parser.js:483:10)
      at parse (E:\拯的个人网站\zen\node_modules\postcss\lib\parse.js:11:12)
      at new LazyResult (E:\拯的个人网站\zen\node_modules\postcss\lib\lazy-result.js:165:16)
      at Processor.process (E:\拯的个人网站\zen\node_modules\postcss\lib\processor.js:53:14)
      at runPostCSS (file:///E:/%E6%8B%AF%E7%9A%84%E4%B8%AA%E4%BA%BA%E7%BD%91%E7%AB%99/zen/node_modules/vite/dist/node/chunks/dep-Dq2t6Dq0.js:43878:52)
      at async compilePostCSS (file:///E:/%E6%8B%AF%E7%9A%84%E4%B8%AA%E4%BA%BA%E7%BD%91%E7%AB%99/zen/node_modules/vite/dist/node/chunks/dep-Dq2t6Dq0.js:43848:18)
      at async compileCSS (file:///E:/%E6%8B%AF%E7%9A%84%E4%B8%AA%E4%BA%BA%E7%BD%91%E7%AB%99/zen/node_modules/vite/dist/node/chunks/dep-Dq2t6Dq0.js:43703:27)
      at async TransformPluginContext.handler (file:///E:/%E6%8B%AF%E7%9A%84%E4%B8%AA%E4%BA%BA%E7%BD%91%E7%AB%99/zen/node_modules/vite/dist/node/chunks/dep-Dq2t6Dq0.js:43019:11)
      at async EnvironmentPluginContainer.transform (file:///E:/%E6%8B%AF%E7%9A%84%E4%B8%AA%E4%BA%BA%E7%BD%91%E7%AB%99/zen/node_modules/vite/dist/node/chunks/dep-Dq2t6Dq0.js:42348:18)
      at async loadAndTransform (file:///E:/%E6%8B%AF%E7%9A%84%E4%B8%AA%E4%BA%BA%E7%BD%91%E7%AB%99/zen/node_modules/vite/dist/node/chunks/dep-Dq2t6Dq0.js:35740:27)
      at async viteTransformMiddleware (file:///E:/%E6%8B%AF%E7%9A%84%E4%B8%AA%E4%BA%BA%E7%BD%91%E7%AB%99/zen/node_modules/vite/dist/node/chunks/dep-Dq2t6Dq0.js:37264:24)
[2m23:32:48[22m [31m[1m[vite][22m[39m [31mInternal server error: [postcss] E:/拯的个人网站/zen/src/styles.css:2293:1: Unclosed block[39m
  Plugin: [35mvite:css[39m
  File: [36mE:/拯的个人网站/zen/src/styles.css[39m:2293:0
[33m  2291|  }
  2292|  
  2293|  @media (max-width: 980px) {
     |  ^
  2294|    html {
  2295|      scroll-snap-type: none;[39m
      at Input.error (E:\拯的个人网站\zen\node_modules\postcss\lib\input.js:135:16)
      at Parser.unclosedBlock (E:\拯的个人网站\zen\node_modules\postcss\lib\parser.js:582:22)
      at Parser.endFile (E:\拯的个人网站\zen\node_modules\postcss\lib\parser.js:342:35)
      at Parser.parse (E:\拯的个人网站\zen\node_modules\postcss\lib\parser.js:483:10)
      at parse (E:\拯的个人网站\zen\node_modules\postcss\lib\parse.js:11:12)
      at new LazyResult (E:\拯的个人网站\zen\node_modules\postcss\lib\lazy-result.js:165:16)
      at Processor.process (E:\拯的个人网站\zen\node_modules\postcss\lib\processor.js:53:14)
      at runPostCSS (file:///E:/%E6%8B%AF%E7%9A%84%E4%B8%AA%E4%BA%BA%E7%BD%91%E7%AB%99/zen/node_modules/vite/dist/node/chunks/dep-Dq2t6Dq0.js:43878:52)
      at async compilePostCSS (file:///E:/%E6%8B%AF%E7%9A%84%E4%B8%AA%E4%BA%BA%E7%BD%91%E7%AB%99/zen/node_modules/vite/dist/node/chunks/dep-Dq2t6Dq0.js:43848:18)
      at async compileCSS (file:///E:/%E6%8B%AF%E7%9A%84%E4%B8%AA%E4%BA%BA%E7%BD%91%E7%AB%99/zen/node_modules/vite/dist/node/chunks/dep-Dq2t6Dq0.js:43703:27)
      at async TransformPluginContext.handler (file:///E:/%E6%8B%AF%E7%9A%84%E4%B8%AA%E4%BA%BA%E7%BD%91%E7%AB%99/zen/node_modules/vite/dist/node/chunks/dep-Dq2t6Dq0.js:43019:11)
      at async EnvironmentPluginContainer.transform (file:///E:/%E6%8B%AF%E7%9A%84%E4%B8%AA%E4%BA%BA%E7%BD%91%E7%AB%99/zen/node_modules/vite/dist/node/chunks/dep-Dq2t6Dq0.js:42348:18)
      at async loadAndTransform (file:///E:/%E6%8B%AF%E7%9A%84%E4%B8%AA%E4%BA%BA%E7%BD%91%E7%AB%99/zen/node_modules/vite/dist/node/chunks/dep-Dq2t6Dq0.js:35740:27)
      at async viteTransformMiddleware (file:///E:/%E6%8B%AF%E7%9A%84%E4%B8%AA%E4%BA%BA%E7%BD%91%E7%AB%99/zen/node_modules/vite/dist/node/chunks/dep-Dq2t6Dq0.js:37264:24)
[2m23:32:48[22m [31m[1m[vite][22m[39m [31mInternal server error: [postcss] E:/拯的个人网站/zen/src/styles.css:2293:1: Unclosed block[39m
  Plugin: [35mvite:css[39m
  File: [36mE:/拯的个人网站/zen/src/styles.css[39m:2293:0
[33m  2291|  }
  2292|  
  2293|  @media (max-width: 980px) {
     |  ^
  2294|    html {
  2295|      scroll-snap-type: none;[39m
      at Input.error (E:\拯的个人网站\zen\node_modules\postcss\lib\input.js:135:16)
      at Parser.unclosedBlock (E:\拯的个人网站\zen\node_modules\postcss\lib\parser.js:582:22)
      at Parser.endFile (E:\拯的个人网站\zen\node_modules\postcss\lib\parser.js:342:35)
      at Parser.parse (E:\拯的个人网站\zen\node_modules\postcss\lib\parser.js:483:10)
      at parse (E:\拯的个人网站\zen\node_modules\postcss\lib\parse.js:11:12)
      at new LazyResult (E:\拯的个人网站\zen\node_modules\postcss\lib\lazy-result.js:165:16)
      at Processor.process (E:\拯的个人网站\zen\node_modules\postcss\lib\processor.js:53:14)
      at runPostCSS (file:///E:/%E6%8B%AF%E7%9A%84%E4%B8%AA%E4%BA%BA%E7%BD%91%E7%AB%99/zen/node_modules/vite/dist/node/chunks/dep-Dq2t6Dq0.js:43878:52)
      at async compilePostCSS (file:///E:/%E6%8B%AF%E7%9A%84%E4%B8%AA%E4%BA%BA%E7%BD%91%E7%AB%99/zen/node_modules/vite/dist/node/chunks/dep-Dq2t6Dq0.js:43848:18)
      at async compileCSS (file:///E:/%E6%8B%AF%E7%9A%84%E4%B8%AA%E4%BA%BA%E7%BD%91%E7%AB%99/zen/node_modules/vite/dist/node/chunks/dep-Dq2t6Dq0.js:43703:27)
      at async TransformPluginContext.handler (file:///E:/%E6%8B%AF%E7%9A%84%E4%B8%AA%E4%BA%BA%E7%BD%91%E7%AB%99/zen/node_modules/vite/dist/node/chunks/dep-Dq2t6Dq0.js:43019:11)
      at async EnvironmentPluginContainer.transform (file:///E:/%E6%8B%AF%E7%9A%84%E4%B8%AA%E4%BA%BA%E7%BD%91%E7%AB%99/zen/node_modules/vite/dist/node/chunks/dep-Dq2t6Dq0.js:42348:18)
      at async loadAndTransform (file:///E:/%E6%8B%AF%E7%9A%84%E4%B8%AA%E4%BA%BA%E7%BD%91%E7%AB%99/zen/node_modules/vite/dist/node/chunks/dep-Dq2t6Dq0.js:35740:27)
      at async viteTransformMiddleware (file:///E:/%E6%8B%AF%E7%9A%84%E4%B8%AA%E4%BA%BA%E7%BD%91%E7%AB%99/zen/node_modules/vite/dist/node/chunks/dep-Dq2t6Dq0.js:37264:24)
[2m23:36:05[22m [31m[1m[vite][22m[39m [31mInternal server error: [postcss] E:/拯的个人网站/zen/src/styles.css:2849:1: Unexpected }[39m
  Plugin: [35mvite:css[39m
  File: [36mE:/拯的个人网站/zen/src/styles.css[39m:2849:0
[33m  2847|  }
  2848|  }
  2849|  }
     |  ^[39m
      at Input.error (E:\拯的个人网站\zen\node_modules\postcss\lib\input.js:135:16)
      at Parser.unexpectedClose (E:\拯的个人网站\zen\node_modules\postcss\lib\parser.js:594:22)
      at Parser.end (E:\拯的个人网站\zen\node_modules\postcss\lib\parser.js:337:12)
      at Parser.parse (E:\拯的个人网站\zen\node_modules\postcss\lib\parser.js:463:16)
      at parse (E:\拯的个人网站\zen\node_modules\postcss\lib\parse.js:11:12)
      at new LazyResult (E:\拯的个人网站\zen\node_modules\postcss\lib\lazy-result.js:165:16)
      at Processor.process (E:\拯的个人网站\zen\node_modules\postcss\lib\processor.js:53:14)
      at runPostCSS (file:///E:/%E6%8B%AF%E7%9A%84%E4%B8%AA%E4%BA%BA%E7%BD%91%E7%AB%99/zen/node_modules/vite/dist/node/chunks/dep-Dq2t6Dq0.js:43878:52)
      at async compilePostCSS (file:///E:/%E6%8B%AF%E7%9A%84%E4%B8%AA%E4%BA%BA%E7%BD%91%E7%AB%99/zen/node_modules/vite/dist/node/chunks/dep-Dq2t6Dq0.js:43848:18)
      at async compileCSS (file:///E:/%E6%8B%AF%E7%9A%84%E4%B8%AA%E4%BA%BA%E7%BD%91%E7%AB%99/zen/node_modules/vite/dist/node/chunks/dep-Dq2t6Dq0.js:43703:27)
      at async TransformPluginContext.handler (file:///E:/%E6%8B%AF%E7%9A%84%E4%B8%AA%E4%BA%BA%E7%BD%91%E7%AB%99/zen/node_modules/vite/dist/node/chunks/dep-Dq2t6Dq0.js:43019:11)
      at async EnvironmentPluginContainer.transform (file:///E:/%E6%8B%AF%E7%9A%84%E4%B8%AA%E4%BA%BA%E7%BD%91%E7%AB%99/zen/node_modules/vite/dist/node/chunks/dep-Dq2t6Dq0.js:42348:18)
      at async loadAndTransform (file:///E:/%E6%8B%AF%E7%9A%84%E4%B8%AA%E4%BA%BA%E7%BD%91%E7%AB%99/zen/node_modules/vite/dist/node/chunks/dep-Dq2t6Dq0.js:35740:27)
      at async viteTransformMiddleware (file:///E:/%E6%8B%AF%E7%9A%84%E4%B8%AA%E4%BA%BA%E7%BD%91%E7%AB%99/zen/node_modules/vite/dist/node/chunks/dep-Dq2t6Dq0.js:37264:24)
[2m23:36:45[22m [31m[1m[vite][22m[39m [31mInternal server error: [postcss] E:/拯的个人网站/zen/src/styles.css:2925:1: Unexpected }[39m
  Plugin: [35mvite:css[39m
  File: [36mE:/拯的个人网站/zen/src/styles.css[39m:2925:0
[33m  2923|  }
  2924|  }
  2925|  }
     |  ^[39m
      at Input.error (E:\拯的个人网站\zen\node_modules\postcss\lib\input.js:135:16)
      at Parser.unexpectedClose (E:\拯的个人网站\zen\node_modules\postcss\lib\parser.js:594:22)
      at Parser.end (E:\拯的个人网站\zen\node_modules\postcss\lib\parser.js:337:12)
      at Parser.parse (E:\拯的个人网站\zen\node_modules\postcss\lib\parser.js:463:16)
      at parse (E:\拯的个人网站\zen\node_modules\postcss\lib\parse.js:11:12)
      at new LazyResult (E:\拯的个人网站\zen\node_modules\postcss\lib\lazy-result.js:165:16)
      at Processor.process (E:\拯的个人网站\zen\node_modules\postcss\lib\processor.js:53:14)
      at runPostCSS (file:///E:/%E6%8B%AF%E7%9A%84%E4%B8%AA%E4%BA%BA%E7%BD%91%E7%AB%99/zen/node_modules/vite/dist/node/chunks/dep-Dq2t6Dq0.js:43878:52)
      at async compilePostCSS (file:///E:/%E6%8B%AF%E7%9A%84%E4%B8%AA%E4%BA%BA%E7%BD%91%E7%AB%99/zen/node_modules/vite/dist/node/chunks/dep-Dq2t6Dq0.js:43848:18)
      at async compileCSS (file:///E:/%E6%8B%AF%E7%9A%84%E4%B8%AA%E4%BA%BA%E7%BD%91%E7%AB%99/zen/node_modules/vite/dist/node/chunks/dep-Dq2t6Dq0.js:43703:27)
      at async TransformPluginContext.handler (file:///E:/%E6%8B%AF%E7%9A%84%E4%B8%AA%E4%BA%BA%E7%BD%91%E7%AB%99/zen/node_modules/vite/dist/node/chunks/dep-Dq2t6Dq0.js:43019:11)
      at async EnvironmentPluginContainer.transform (file:///E:/%E6%8B%AF%E7%9A%84%E4%B8%AA%E4%BA%BA%E7%BD%91%E7%AB%99/zen/node_modules/vite/dist/node/chunks/dep-Dq2t6Dq0.js:42348:18)
      at async loadAndTransform (file:///E:/%E6%8B%AF%E7%9A%84%E4%B8%AA%E4%BA%BA%E7%BD%91%E7%AB%99/zen/node_modules/vite/dist/node/chunks/dep-Dq2t6Dq0.js:35740:27)
      at async viteTransformMiddleware (file:///E:/%E6%8B%AF%E7%9A%84%E4%B8%AA%E4%BA%BA%E7%BD%91%E7%AB%99/zen/node_modules/vite/dist/node/chunks/dep-Dq2t6Dq0.js:37264:24)
[2m23:41:40[22m [31m[1m[vite][22m[39m [31m[2m(client)[22m[39m Pre-transform error: [postcss] E:/拯的个人网站/zen/src/styles.css:2925:1: Unexpected }
  Plugin: [35mvite:css[39m
  File: [36mE:/拯的个人网站/zen/src/styles.css[39m:2925:0
[33m  2923|  }
  2924|  }
  2925|  }
     |  ^[39m
[2m23:41:40[22m [31m[1m[vite][22m[39m [31mInternal server error: [postcss] E:/拯的个人网站/zen/src/styles.css:2925:1: Unexpected }[39m
  Plugin: [35mvite:css[39m
  File: [36mE:/拯的个人网站/zen/src/styles.css[39m:2925:0
[33m  2923|  }
  2924|  }
  2925|  }
     |  ^[39m
      at Input.error (E:\拯的个人网站\zen\node_modules\postcss\lib\input.js:135:16)
      at Parser.unexpectedClose (E:\拯的个人网站\zen\node_modules\postcss\lib\parser.js:594:22)
      at Parser.end (E:\拯的个人网站\zen\node_modules\postcss\lib\parser.js:337:12)
      at Parser.parse (E:\拯的个人网站\zen\node_modules\postcss\lib\parser.js:463:16)
      at parse (E:\拯的个人网站\zen\node_modules\postcss\lib\parse.js:11:12)
      at new LazyResult (E:\拯的个人网站\zen\node_modules\postcss\lib\lazy-result.js:165:16)
      at Processor.process (E:\拯的个人网站\zen\node_modules\postcss\lib\processor.js:53:14)
      at runPostCSS (file:///E:/%E6%8B%AF%E7%9A%84%E4%B8%AA%E4%BA%BA%E7%BD%91%E7%AB%99/zen/node_modules/vite/dist/node/chunks/dep-Dq2t6Dq0.js:43878:52)
      at async compilePostCSS (file:///E:/%E6%8B%AF%E7%9A%84%E4%B8%AA%E4%BA%BA%E7%BD%91%E7%AB%99/zen/node_modules/vite/dist/node/chunks/dep-Dq2t6Dq0.js:43848:18)
      at async compileCSS (file:///E:/%E6%8B%AF%E7%9A%84%E4%B8%AA%E4%BA%BA%E7%BD%91%E7%AB%99/zen/node_modules/vite/dist/node/chunks/dep-Dq2t6Dq0.js:43703:27)
      at async TransformPluginContext.handler (file:///E:/%E6%8B%AF%E7%9A%84%E4%B8%AA%E4%BA%BA%E7%BD%91%E7%AB%99/zen/node_modules/vite/dist/node/chunks/dep-Dq2t6Dq0.js:43019:11)
      at async EnvironmentPluginContainer.transform (file:///E:/%E6%8B%AF%E7%9A%84%E4%B8%AA%E4%BA%BA%E7%BD%91%E7%AB%99/zen/node_modules/vite/dist/node/chunks/dep-Dq2t6Dq0.js:42348:18)
      at async loadAndTransform (file:///E:/%E6%8B%AF%E7%9A%84%E4%B8%AA%E4%BA%BA%E7%BD%91%E7%AB%99/zen/node_modules/vite/dist/node/chunks/dep-Dq2t6Dq0.js:35740:27)
      at async viteTransformMiddleware (file:///E:/%E6%8B%AF%E7%9A%84%E4%B8%AA%E4%BA%BA%E7%BD%91%E7%AB%99/zen/node_modules/vite/dist/node/chunks/dep-Dq2t6Dq0.js:37264:24)
[2m23:41:54[22m [31m[1m[vite][22m[39m [31mInternal server error: [postcss] E:/拯的个人网站/zen/src/styles.css:2925:1: Unexpected }[39m
  Plugin: [35mvite:css[39m
  File: [36mE:/拯的个人网站/zen/src/styles.css[39m:2925:0
[33m  2923|  }
  2924|  }
  2925|  }
     |  ^[39m
      at Input.error (E:\拯的个人网站\zen\node_modules\postcss\lib\input.js:135:16)
      at Parser.unexpectedClose (E:\拯的个人网站\zen\node_modules\postcss\lib\parser.js:594:22)
      at Parser.end (E:\拯的个人网站\zen\node_modules\postcss\lib\parser.js:337:12)
      at Parser.parse (E:\拯的个人网站\zen\node_modules\postcss\lib\parser.js:463:16)
      at parse (E:\拯的个人网站\zen\node_modules\postcss\lib\parse.js:11:12)
      at new LazyResult (E:\拯的个人网站\zen\node_modules\postcss\lib\lazy-result.js:165:16)
      at Processor.process (E:\拯的个人网站\zen\node_modules\postcss\lib\processor.js:53:14)
      at runPostCSS (file:///E:/%E6%8B%AF%E7%9A%84%E4%B8%AA%E4%BA%BA%E7%BD%91%E7%AB%99/zen/node_modules/vite/dist/node/chunks/dep-Dq2t6Dq0.js:43878:52)
      at async compilePostCSS (file:///E:/%E6%8B%AF%E7%9A%84%E4%B8%AA%E4%BA%BA%E7%BD%91%E7%AB%99/zen/node_modules/vite/dist/node/chunks/dep-Dq2t6Dq0.js:43848:18)
      at async compileCSS (file:///E:/%E6%8B%AF%E7%9A%84%E4%B8%AA%E4%BA%BA%E7%BD%91%E7%AB%99/zen/node_modules/vite/dist/node/chunks/dep-Dq2t6Dq0.js:43703:27)
      at async TransformPluginContext.handler (file:///E:/%E6%8B%AF%E7%9A%84%E4%B8%AA%E4%BA%BA%E7%BD%91%E7%AB%99/zen/node_modules/vite/dist/node/chunks/dep-Dq2t6Dq0.js:43019:11)
      at async EnvironmentPluginContainer.transform (file:///E:/%E6%8B%AF%E7%9A%84%E4%B8%AA%E4%BA%BA%E7%BD%91%E7%AB%99/zen/node_modules/vite/dist/node/chunks/dep-Dq2t6Dq0.js:42348:18)
      at async loadAndTransform (file:///E:/%E6%8B%AF%E7%9A%84%E4%B8%AA%E4%BA%BA%E7%BD%91%E7%AB%99/zen/node_modules/vite/dist/node/chunks/dep-Dq2t6Dq0.js:35740:27)
      at async viteTransformMiddleware (file:///E:/%E6%8B%AF%E7%9A%84%E4%B8%AA%E4%BA%BA%E7%BD%91%E7%AB%99/zen/node_modules/vite/dist/node/chunks/dep-Dq2t6Dq0.js:37264:24)
[2m23:49:45[22m [31m[1m[vite][22m[39m [31mInternal server error: [postcss] E:/拯的个人网站/zen/src/styles.css:2925:1: Unexpected }[39m
  Plugin: [35mvite:css[39m
  File: [36mE:/拯的个人网站/zen/src/styles.css[39m:2925:0
[33m  2923|  }
  2924|  }
  2925|  }
     |  ^[39m
      at Input.error (E:\拯的个人网站\zen\node_modules\postcss\lib\input.js:135:16)
      at Parser.unexpectedClose (E:\拯的个人网站\zen\node_modules\postcss\lib\parser.js:594:22)
      at Parser.end (E:\拯的个人网站\zen\node_modules\postcss\lib\parser.js:337:12)
      at Parser.parse (E:\拯的个人网站\zen\node_modules\postcss\lib\parser.js:463:16)
      at parse (E:\拯的个人网站\zen\node_modules\postcss\lib\parse.js:11:12)
      at new LazyResult (E:\拯的个人网站\zen\node_modules\postcss\lib\lazy-result.js:165:16)
      at Processor.process (E:\拯的个人网站\zen\node_modules\postcss\lib\processor.js:53:14)
      at runPostCSS (file:///E:/%E6%8B%AF%E7%9A%84%E4%B8%AA%E4%BA%BA%E7%BD%91%E7%AB%99/zen/node_modules/vite/dist/node/chunks/dep-Dq2t6Dq0.js:43878:52)
      at async compilePostCSS (file:///E:/%E6%8B%AF%E7%9A%84%E4%B8%AA%E4%BA%BA%E7%BD%91%E7%AB%99/zen/node_modules/vite/dist/node/chunks/dep-Dq2t6Dq0.js:43848:18)
      at async compileCSS (file:///E:/%E6%8B%AF%E7%9A%84%E4%B8%AA%E4%BA%BA%E7%BD%91%E7%AB%99/zen/node_modules/vite/dist/node/chunks/dep-Dq2t6Dq0.js:43703:27)
      at async TransformPluginContext.handler (file:///E:/%E6%8B%AF%E7%9A%84%E4%B8%AA%E4%BA%BA%E7%BD%91%E7%AB%99/zen/node_modules/vite/dist/node/chunks/dep-Dq2t6Dq0.js:43019:11)
      at async EnvironmentPluginContainer.transform (file:///E:/%E6%8B%AF%E7%9A%84%E4%B8%AA%E4%BA%BA%E7%BD%91%E7%AB%99/zen/node_modules/vite/dist/node/chunks/dep-Dq2t6Dq0.js:42348:18)
      at async loadAndTransform (file:///E:/%E6%8B%AF%E7%9A%84%E4%B8%AA%E4%BA%BA%E7%BD%91%E7%AB%99/zen/node_modules/vite/dist/node/chunks/dep-Dq2t6Dq0.js:35740:27)
      at async viteTransformMiddleware (file:///E:/%E6%8B%AF%E7%9A%84%E4%B8%AA%E4%BA%BA%E7%BD%91%E7%AB%99/zen/node_modules/vite/dist/node/chunks/dep-Dq2t6Dq0.js:37264:24)
[2m00:03:38[22m [31m[1m[vite][22m[39m [31mInternal server error: [postcss] E:/拯的个人网站/zen/src/styles.css:2925:1: Unexpected }[39m
  Plugin: [35mvite:css[39m
  File: [36mE:/拯的个人网站/zen/src/styles.css[39m:2925:0
[33m  2923|  }
  2924|  }
  2925|  }
     |  ^[39m
      at Input.error (E:\拯的个人网站\zen\node_modules\postcss\lib\input.js:135:16)
      at Parser.unexpectedClose (E:\拯的个人网站\zen\node_modules\postcss\lib\parser.js:594:22)
      at Parser.end (E:\拯的个人网站\zen\node_modules\postcss\lib\parser.js:337:12)
      at Parser.parse (E:\拯的个人网站\zen\node_modules\postcss\lib\parser.js:463:16)
      at parse (E:\拯的个人网站\zen\node_modules\postcss\lib\parse.js:11:12)
      at new LazyResult (E:\拯的个人网站\zen\node_modules\postcss\lib\lazy-result.js:165:16)
      at Processor.process (E:\拯的个人网站\zen\node_modules\postcss\lib\processor.js:53:14)
      at runPostCSS (file:///E:/%E6%8B%AF%E7%9A%84%E4%B8%AA%E4%BA%BA%E7%BD%91%E7%AB%99/zen/node_modules/vite/dist/node/chunks/dep-Dq2t6Dq0.js:43878:52)
      at async compilePostCSS (file:///E:/%E6%8B%AF%E7%9A%84%E4%B8%AA%E4%BA%BA%E7%BD%91%E7%AB%99/zen/node_modules/vite/dist/node/chunks/dep-Dq2t6Dq0.js:43848:18)
      at async compileCSS (file:///E:/%E6%8B%AF%E7%9A%84%E4%B8%AA%E4%BA%BA%E7%BD%91%E7%AB%99/zen/node_modules/vite/dist/node/chunks/dep-Dq2t6Dq0.js:43703:27)
      at async TransformPluginContext.handler (file:///E:/%E6%8B%AF%E7%9A%84%E4%B8%AA%E4%BA%BA%E7%BD%91%E7%AB%99/zen/node_modules/vite/dist/node/chunks/dep-Dq2t6Dq0.js:43019:11)
      at async EnvironmentPluginContainer.transform (file:///E:/%E6%8B%AF%E7%9A%84%E4%B8%AA%E4%BA%BA%E7%BD%91%E7%AB%99/zen/node_modules/vite/dist/node/chunks/dep-Dq2t6Dq0.js:42348:18)
      at async loadAndTransform (file:///E:/%E6%8B%AF%E7%9A%84%E4%B8%AA%E4%BA%BA%E7%BD%91%E7%AB%99/zen/node_modules/vite/dist/node/chunks/dep-Dq2t6Dq0.js:35740:27)
      at async viteTransformMiddleware (file:///E:/%E6%8B%AF%E7%9A%84%E4%B8%AA%E4%BA%BA%E7%BD%91%E7%AB%99/zen/node_modules/vite/dist/node/chunks/dep-Dq2t6Dq0.js:37264:24)
